2016-04-06 11:03:08,350 [http-bio-8081-exec-3] [org.mybatis.spring.SqlSessionUtils]-[DEBUG] Fetched SqlSession [org.apache.ibatis.session.defaults.DefaultSqlSession@2dd51ca] from current transaction
2016-04-06 11:03:08,351 [http-bio-8081-exec-3] [com.taotao.mapper.TbItemCatMapper.selectByExample]-[DEBUG] ==>  Preparing: select id, parent_id, name, status, sort_order, is_parent, created, updated from tb_item_cat WHERE ( parent_id = ? ) 
2016-04-06 11:03:08,351 [http-bio-8081-exec-3] [com.taotao.mapper.TbItemCatMapper.selectByExample]-[DEBUG] ==> Parameters: 660(Long)
2016-04-06 11:03:08,368 [http-bio-8081-exec-3] [com.taotao.mapper.TbItemCatMapper.selectByExample]-[DEBUG] <==      Total: 6
2016-04-06 11:03:08,368 [http-bio-8081-exec-3] [org.mybatis.spring.SqlSessionUtils]-[DEBUG] Releasing transactional SqlSession [org.apache.ibatis.session.defaults.DefaultSqlSession@2dd51ca]
2016-04-06 11:03:08,368 [http-bio-8081-exec-3] [org.mybatis.spring.SqlSessionUtils]-[DEBUG] Fetched SqlSession [org.apache.ibatis.session.defaults.DefaultSqlSession@2dd51ca] from current transaction
2016-04-06 11:03:08,369 [http-bio-8081-exec-3] [com.taotao.mapper.TbItemCatMapper.selectByExample]-[DEBUG] ==>  Preparing: select id, parent_id, name, status, sort_order, is_parent, created, updated from tb_item_cat WHERE ( parent_id = ? ) 
2016-04-06 11:03:08,369 [http-bio-8081-exec-3] [com.taotao.mapper.TbItemCatMapper.selectByExample]-[DEBUG] ==> Parameters: 667(Long)
2016-04-06 11:03:08,423 [http-bio-8081-exec-3] [com.taotao.mapper.TbItemCatMapper.selectByExample]-[DEBUG] <==      Total: 15
2016-04-06 11:03:08,423 [http-bio-8081-exec-3] [org.mybatis.spring.SqlSessionUtils]-[DEBUG] Releasing transactional SqlSession [org.apache.ibatis.session.defaults.DefaultSqlSession@2dd51ca]
2016-04-06 11:03:08,423 [http-bio-8081-exec-3] [org.mybatis.spring.SqlSessionUtils]-[DEBUG] Fetched SqlSession [org.apache.ibatis.session.defaults.DefaultSqlSession@2dd51ca] from current transaction
2016-04-06 11:03:08,424 [http-bio-8081-exec-3] [com.taotao.mapper.TbItemCatMapper.selectByExample]-[DEBUG] ==>  Preparing: select id, parent_id, name, status, sort_order, is_parent, created, updated from tb_item_cat WHERE ( parent_id = ? ) 
2016-04-06 11:03:08,424 [http-bio-8081-exec-3] [com.taotao.mapper.TbItemCatMapper.selectByExample]-[DEBUG] ==> Parameters: 683(Long)
2016-04-06 11:03:08,433 [http-bio-8081-exec-3] [com.taotao.mapper.TbItemCatMapper.selectByExample]-[DEBUG] <==      Total: 7
2016-04-06 11:03:08,434 [http-bio-8081-exec-3] [org.mybatis.spring.SqlSessionUtils]-[DEBUG] Releasing transactional SqlSession [org.apache.ibatis.session.defaults.DefaultSqlSession@2dd51ca]
2016-04-06 11:03:08,434 [http-bio-8081-exec-3] [org.mybatis.spring.SqlSessionUtils]-[DEBUG] Fetched SqlSession [org.apache.ibatis.session.defaults.DefaultSqlSession@2dd51ca] from current transaction
2016-04-06 11:03:08,434 [http-bio-8081-exec-3] [com.taotao.mapper.TbItemCatMapper.selectByExample]-[DEBUG] ==>  Preparing: select id, parent_id, name, status, sort_order, is_parent, created, updated from tb_item_cat WHERE ( parent_id = ? ) 
2016-04-06 11:03:08,434 [http-bio-8081-exec-3] [com.taotao.mapper.TbItemCatMapper.selectByExample]-[DEBUG] ==> Parameters: 691(Long)
2016-04-06 11:03:08,466 [http-bio-8081-exec-3] [com.taotao.mapper.TbItemCatMapper.selectByExample]-[DEBUG] <==      Total: 7
2016-04-06 11:03:08,466 [http-bio-8081-exec-3] [org.mybatis.spring.SqlSessionUtils]-[DEBUG] Releasing transactional SqlSession [org.apache.ibatis.session.defaults.DefaultSqlSession@2dd51ca]
2016-04-06 11:03:08,466 [http-bio-8081-exec-3] [org.mybatis.spring.SqlSessionUtils]-[DEBUG] Fetched SqlSession [org.apache.ibatis.session.defaults.DefaultSqlSession@2dd51ca] from current transaction
2016-04-06 11:03:08,467 [http-bio-8081-exec-3] [com.taotao.mapper.TbItemCatMapper.selectByExample]-[DEBUG] ==>  Preparing: select id, parent_id, name, status, sort_order, is_parent, created, updated from tb_item_cat WHERE ( parent_id = ? ) 
2016-04-06 11:03:08,467 [http-bio-8081-exec-3] [com.taotao.mapper.TbItemCatMapper.selectByExample]-[DEBUG] ==> Parameters: 699(Long)
2016-04-06 11:03:08,502 [http-bio-8081-exec-3] [com.taotao.mapper.TbItemCatMapper.selectByExample]-[DEBUG] <==      Total: 6
2016-04-06 11:03:08,502 [http-bio-8081-exec-3] [org.mybatis.spring.SqlSessionUtils]-[DEBUG] Releasing transactional SqlSession [org.apache.ibatis.session.defaults.DefaultSqlSession@2dd51ca]
2016-04-06 11:03:08,502 [http-bio-8081-exec-3] [org.mybatis.spring.SqlSessionUtils]-[DEBUG] Fetched SqlSession [org.apache.ibatis.session.defaults.DefaultSqlSession@2dd51ca] from current transaction
2016-04-06 11:03:08,503 [http-bio-8081-exec-3] [com.taotao.mapper.TbItemCatMapper.selectByExample]-[DEBUG] ==>  Preparing: select id, parent_id, name, status, sort_order, is_parent, created, updated from tb_item_cat WHERE ( parent_id = ? ) 
2016-04-06 11:03:08,503 [http-bio-8081-exec-3] [com.taotao.mapper.TbItemCatMapper.selectByExample]-[DEBUG] ==> Parameters: 700(Long)
2016-04-06 11:03:08,655 [http-bio-8081-exec-3] [com.taotao.mapper.TbItemCatMapper.selectByExample]-[DEBUG] <==      Total: 10
2016-04-06 11:03:08,656 [http-bio-8081-exec-3] [org.mybatis.spring.SqlSessionUtils]-[DEBUG] Releasing transactional SqlSession [org.apache.ibatis.session.defaults.DefaultSqlSession@2dd51ca]
2016-04-06 11:03:08,656 [http-bio-8081-exec-3] [org.mybatis.spring.SqlSessionUtils]-[DEBUG] Fetched SqlSession [org.apache.ibatis.session.defaults.DefaultSqlSession@2dd51ca] from current transaction
2016-04-06 11:03:08,656 [http-bio-8081-exec-3] [com.taotao.mapper.TbItemCatMapper.selectByExample]-[DEBUG] ==>  Preparing: select id, parent_id, name, status, sort_order, is_parent, created, updated from tb_item_cat WHERE ( parent_id = ? ) 
2016-04-06 11:03:08,656 [http-bio-8081-exec-3] [com.taotao.mapper.TbItemCatMapper.selectByExample]-[DEBUG] ==> Parameters: 711(Long)
2016-04-06 11:03:08,662 [http-bio-8081-exec-3] [com.taotao.mapper.TbItemCatMapper.selectByExample]-[DEBUG] <==      Total: 6
2016-04-06 11:03:08,662 [http-bio-8081-exec-3] [org.mybatis.spring.SqlSessionUtils]-[DEBUG] Releasing transactional SqlSession [org.apache.ibatis.session.defaults.DefaultSqlSession@2dd51ca]
2016-04-06 11:03:08,662 [http-bio-8081-exec-3] [org.mybatis.spring.SqlSessionUtils]-[DEBUG] Fetched SqlSession [org.apache.ibatis.session.defaults.DefaultSqlSession@2dd51ca] from current transaction
2016-04-06 11:03:08,662 [http-bio-8081-exec-3] [com.taotao.mapper.TbItemCatMapper.selectByExample]-[DEBUG] ==>  Preparing: select id, parent_id, name, status, sort_order, is_parent, created, updated from tb_item_cat WHERE ( parent_id = ? ) 
2016-04-06 11:03:08,662 [http-bio-8081-exec-3] [com.taotao.mapper.TbItemCatMapper.selectByExample]-[DEBUG] ==> Parameters: 718(Long)
2016-04-06 11:03:08,683 [http-bio-8081-exec-3] [com.taotao.mapper.TbItemCatMapper.selectByExample]-[DEBUG] <==      Total: 5
2016-04-06 11:03:08,683 [http-bio-8081-exec-3] [org.mybatis.spring.SqlSessionUtils]-[DEBUG] Releasing transactional SqlSession [org.apache.ibatis.session.defaults.DefaultSqlSession@2dd51ca]
2016-04-06 11:03:08,683 [http-bio-8081-exec-3] [org.mybatis.spring.SqlSessionUtils]-[DEBUG] Fetched SqlSession [org.apache.ibatis.session.defaults.DefaultSqlSession@2dd51ca] from current transaction
2016-04-06 11:03:08,683 [http-bio-8081-exec-3] [com.taotao.mapper.TbItemCatMapper.selectByExample]-[DEBUG] ==>  Preparing: select id, parent_id, name, status, sort_order, is_parent, created, updated from tb_item_cat WHERE ( parent_id = ? ) 
2016-04-06 11:03:08,683 [http-bio-8081-exec-3] [com.taotao.mapper.TbItemCatMapper.selectByExample]-[DEBUG] ==> Parameters: 724(Long)
2016-04-06 11:03:08,708 [http-bio-8081-exec-3] [com.taotao.mapper.TbItemCatMapper.selectByExample]-[DEBUG] <==      Total: 8
2016-04-06 11:03:08,708 [http-bio-8081-exec-3] [org.mybatis.spring.SqlSessionUtils]-[DEBUG] Releasing transactional SqlSession [org.apache.ibatis.session.defaults.DefaultSqlSession@2dd51ca]
2016-04-06 11:03:08,708 [http-bio-8081-exec-3] [org.mybatis.spring.SqlSessionUtils]-[DEBUG] Fetched SqlSession [org.apache.ibatis.session.defaults.DefaultSqlSession@2dd51ca] from current transaction
2016-04-06 11:03:08,715 [http-bio-8081-exec-3] [com.taotao.mapper.TbItemCatMapper.selectByExample]-[DEBUG] ==>  Preparing: select id, parent_id, name, status, sort_order, is_parent, created, updated from tb_item_cat WHERE ( parent_id = ? ) 
2016-04-06 11:03:08,716 [http-bio-8081-exec-3] [com.taotao.mapper.TbItemCatMapper.selectByExample]-[DEBUG] ==> Parameters: 733(Long)
2016-04-06 11:03:08,757 [http-bio-8081-exec-3] [com.taotao.mapper.TbItemCatMapper.selectByExample]-[DEBUG] <==      Total: 5
2016-04-06 11:03:08,757 [http-bio-8081-exec-3] [org.mybatis.spring.SqlSessionUtils]-[DEBUG] Releasing transactional SqlSession [org.apache.ibatis.session.defaults.DefaultSqlSession@2dd51ca]
2016-04-06 11:03:08,757 [http-bio-8081-exec-3] [org.mybatis.spring.SqlSessionUtils]-[DEBUG] Fetched SqlSession [org.apache.ibatis.session.defaults.DefaultSqlSession@2dd51ca] from current transaction
2016-04-06 11:03:08,757 [http-bio-8081-exec-3] [com.taotao.mapper.TbItemCatMapper.selectByExample]-[DEBUG] ==>  Preparing: select id, parent_id, name, status, sort_order, is_parent, created, updated from tb_item_cat WHERE ( parent_id = ? ) 
2016-04-06 11:03:08,757 [http-bio-8081-exec-3] [com.taotao.mapper.TbItemCatMapper.selectByExample]-[DEBUG] ==> Parameters: 739(Long)
2016-04-06 11:03:08,761 [http-bio-8081-exec-3] [com.taotao.mapper.TbItemCatMapper.selectByExample]-[DEBUG] <==      Total: 9
2016-04-06 11:03:08,761 [http-bio-8081-exec-3] [org.mybatis.spring.SqlSessionUtils]-[DEBUG] Releasing transactional SqlSession [org.apache.ibatis.session.defaults.DefaultSqlSession@2dd51ca]
2016-04-06 11:03:08,761 [http-bio-8081-exec-3] [org.mybatis.spring.SqlSessionUtils]-[DEBUG] Fetched SqlSession [org.apache.ibatis.session.defaults.DefaultSqlSession@2dd51ca] from current transaction
2016-04-06 11:03:08,761 [http-bio-8081-exec-3] [com.taotao.mapper.TbItemCatMapper.selectByExample]-[DEBUG] ==>  Preparing: select id, parent_id, name, status, sort_order, is_parent, created, updated from tb_item_cat WHERE ( parent_id = ? ) 
2016-04-06 11:03:08,761 [http-bio-8081-exec-3] [com.taotao.mapper.TbItemCatMapper.selectByExample]-[DEBUG] ==> Parameters: 749(Long)
2016-04-06 11:03:08,767 [http-bio-8081-exec-3] [com.taotao.mapper.TbItemCatMapper.selectByExample]-[DEBUG] <==      Total: 4
2016-04-06 11:03:08,767 [http-bio-8081-exec-3] [org.mybatis.spring.SqlSessionUtils]-[DEBUG] Releasing transactional SqlSession [org.apache.ibatis.session.defaults.DefaultSqlSession@2dd51ca]
2016-04-06 11:03:08,767 [http-bio-8081-exec-3] [org.mybatis.spring.SqlSessionUtils]-[DEBUG] Fetched SqlSession [org.apache.ibatis.session.defaults.DefaultSqlSession@2dd51ca] from current transaction
2016-04-06 11:03:08,767 [http-bio-8081-exec-3] [com.taotao.mapper.TbItemCatMapper.selectByExample]-[DEBUG] ==>  Preparing: select id, parent_id, name, status, sort_order, is_parent, created, updated from tb_item_cat WHERE ( parent_id = ? ) 
2016-04-06 11:03:08,767 [http-bio-8081-exec-3] [com.taotao.mapper.TbItemCatMapper.selectByExample]-[DEBUG] ==> Parameters: 750(Long)
2016-04-06 11:03:08,828 [http-bio-8081-exec-3] [com.taotao.mapper.TbItemCatMapper.selectByExample]-[DEBUG] <==      Total: 33
2016-04-06 11:03:08,828 [http-bio-8081-exec-3] [org.mybatis.spring.SqlSessionUtils]-[DEBUG] Releasing transactional SqlSession [org.apache.ibatis.session.defaults.DefaultSqlSession@2dd51ca]
2016-04-06 11:03:08,828 [http-bio-8081-exec-3] [org.mybatis.spring.SqlSessionUtils]-[DEBUG] Fetched SqlSession [org.apache.ibatis.session.defaults.DefaultSqlSession@2dd51ca] from current transaction
2016-04-06 11:03:08,829 [http-bio-8081-exec-3] [com.taotao.mapper.TbItemCatMapper.selectByExample]-[DEBUG] ==>  Preparing: select id, parent_id, name, status, sort_order, is_parent, created, updated from tb_item_cat WHERE ( parent_id = ? ) 
2016-04-06 11:03:08,830 [http-bio-8081-exec-3] [com.taotao.mapper.TbItemCatMapper.selectByExample]-[DEBUG] ==> Parameters: 784(Long)
2016-04-06 11:03:08,841 [http-bio-8081-exec-3] [com.taotao.mapper.TbItemCatMapper.selectByExample]-[DEBUG] <==      Total: 28
2016-04-06 11:03:08,841 [http-bio-8081-exec-3] [org.mybatis.spring.SqlSessionUtils]-[DEBUG] Releasing transactional SqlSession [org.apache.ibatis.session.defaults.DefaultSqlSession@2dd51ca]
2016-04-06 11:03:08,841 [http-bio-8081-exec-3] [org.mybatis.spring.SqlSessionUtils]-[DEBUG] Fetched SqlSession [org.apache.ibatis.session.defaults.DefaultSqlSession@2dd51ca] from current transaction
2016-04-06 11:03:08,842 [http-bio-8081-exec-3] [com.taotao.mapper.TbItemCatMapper.selectByExample]-[DEBUG] ==>  Preparing: select id, parent_id, name, status, sort_order, is_parent, created, updated from tb_item_cat WHERE ( parent_id = ? ) 
2016-04-06 11:03:08,842 [http-bio-8081-exec-3] [com.taotao.mapper.TbItemCatMapper.selectByExample]-[DEBUG] ==> Parameters: 813(Long)
2016-04-06 11:03:08,845 [http-bio-8081-exec-3] [com.taotao.mapper.TbItemCatMapper.selectByExample]-[DEBUG] <==      Total: 22
2016-04-06 11:03:08,845 [http-bio-8081-exec-3] [org.mybatis.spring.SqlSessionUtils]-[DEBUG] Releasing transactional SqlSession [org.apache.ibatis.session.defaults.DefaultSqlSession@2dd51ca]
2016-04-06 11:03:08,845 [http-bio-8081-exec-3] [org.mybatis.spring.SqlSessionUtils]-[DEBUG] Fetched SqlSession [org.apache.ibatis.session.defaults.DefaultSqlSession@2dd51ca] from current transaction
2016-04-06 11:03:08,845 [http-bio-8081-exec-3] [com.taotao.mapper.TbItemCatMapper.selectByExample]-[DEBUG] ==>  Preparing: select id, parent_id, name, status, sort_order, is_parent, created, updated from tb_item_cat WHERE ( parent_id = ? ) 
2016-04-06 11:03:08,845 [http-bio-8081-exec-3] [com.taotao.mapper.TbItemCatMapper.selectByExample]-[DEBUG] ==> Parameters: 836(Long)
2016-04-06 11:03:08,852 [http-bio-8081-exec-3] [com.taotao.mapper.TbItemCatMapper.selectByExample]-[DEBUG] <==      Total: 28
2016-04-06 11:03:08,852 [http-bio-8081-exec-3] [org.mybatis.spring.SqlSessionUtils]-[DEBUG] Releasing transactional SqlSession [org.apache.ibatis.session.defaults.DefaultSqlSession@2dd51ca]
2016-04-06 11:03:08,853 [http-bio-8081-exec-3] [org.mybatis.spring.SqlSessionUtils]-[DEBUG] Transaction synchronization deregistering SqlSession [org.apache.ibatis.session.defaults.DefaultSqlSession@2dd51ca]
2016-04-06 11:03:08,853 [http-bio-8081-exec-3] [org.mybatis.spring.SqlSessionUtils]-[DEBUG] Transaction synchronization closing SqlSession [org.apache.ibatis.session.defaults.DefaultSqlSession@2dd51ca]
2016-04-06 11:03:08,853 [http-bio-8081-exec-3] [org.springframework.jdbc.datasource.DataSourceUtils]-[DEBUG] Returning JDBC Connection to DataSource
2016-04-06 11:03:08,857 [http-bio-8081-exec-3] [org.springframework.web.servlet.mvc.method.annotation.ResponseBodyAdviceChain]-[DEBUG] Invoking ResponseBodyAdvice chain for body=org.springframework.http.converter.json.MappingJacksonValue@6905ffa0
2016-04-06 11:03:08,857 [http-bio-8081-exec-3] [org.springframework.web.servlet.mvc.method.annotation.ResponseBodyAdviceChain]-[DEBUG] After ResponseBodyAdvice chain body=org.springframework.http.converter.json.MappingJacksonValue@6905ffa0
2016-04-06 11:03:08,868 [http-bio-8081-exec-3] [org.springframework.web.servlet.mvc.method.annotation.RequestResponseBodyMethodProcessor]-[DEBUG] Written [org.springframework.http.converter.json.MappingJacksonValue@6905ffa0] as "application/json;charset=UTF-8" using [org.springframework.http.converter.json.MappingJackson2HttpMessageConverter@47801888]
2016-04-06 11:03:08,869 [http-bio-8081-exec-3] [org.springframework.web.servlet.DispatcherServlet]-[DEBUG] Null ModelAndView returned to DispatcherServlet with name 'taotao-manager': assuming HandlerAdapter completed request handling
2016-04-06 11:03:08,869 [http-bio-8081-exec-3] [org.springframework.web.servlet.DispatcherServlet]-[DEBUG] Successfully completed request
